#
# A fatal error has been detected by the Java Runtime Environment:
#
#  EXCEPTION_ACCESS_VIOLATION (0xc0000005) at pc=0x00007fffe724e1f0, pid=25672, tid=0x0000000000003530
#
# JRE version: Java(TM) SE Runtime Environment (8.0_381) (build 1.8.0_381-b09)
# Java VM: Java HotSpot(TM) 64-Bit Server VM (25.381-b09 mixed mode windows-amd64 compressed oops)
# Problematic frame:
# V  [jvm.dll+0x28e1f0]
#
# Failed to write core dump. Minidumps are not enabled by default on client versions of Windows
#
# If you would like to submit a bug report, please visit:
#   http://bugreport.java.com/bugreport/crash.jsp
#

---------------  T H R E A D  ---------------

Current thread (0x000001f8da0f5000):  GCTaskThread [stack: 0x000000270bb00000,0x000000270bc00000] [id=13616]

siginfo: ExceptionCode=0xc0000005, writing address 0x0000000000000014

Registers:
RAX=0x0000000000000014, RBX=0x000b802000019604, RCX=0x000000270bbff920, RDX=0x000001f8da184aa0
RSP=0x000000270bbff858, RBP=0x000000270bbff920, RSI=0x0000000000000001, RDI=0x000001f8dbb0e800
R8 =0x0000000000000000, R9 =0x0000000000000010, R10=0x0000000000000038, R11=0x000000270bbff8b0
R12=0x0000000000000000, R13=0x000001f8da0f6610, R14=0x0000000000000002, R15=0x000000270bbff938
RIP=0x00007fffe724e1f0, EFLAGS=0x0000000000010202

Top of Stack: (sp=0x000000270bbff858)
0x000000270bbff858:   00007fffe736e218 000001f8da184800
0x000000270bbff868:   00007fffe73ba8f5 00000007ba060acc
0x000000270bbff878:   000000000000000d 000001f8da0f6040
0x000000270bbff888:   00007fffe76161a8 000001f8da0f6600
0x000000270bbff898:   000b802000019604 000001f8da0f6040
0x000000270bbff8a8:   00007fffe76161a8 000001f8da0f6040
0x000000270bbff8b8:   00007fffe76161a8 000001f8da0f6600
0x000000270bbff8c8:   0000000000000001 000001f8f7f009c0
0x000000270bbff8d8:   00007fffe73bd91d 00000007ba060acd
0x000000270bbff8e8:   000001f8da184800 0000000000000000
0x000000270bbff8f8:   000bc1260001ba45 000001f8f7f009c0
0x000000270bbff908:   0000000000000001 0000000000000000
0x000000270bbff918:   00007fffe73abac9 000001f81408e285
0x000000270bbff928:   000001f8da0f5000 0000000000000001
0x000000270bbff938:   0000000000000000 000001f8da0f5000
0x000000270bbff948:   000001f8da0f5b80 000001f8da0f69f0 

Instructions: (pc=0x00007fffe724e1f0)
0x00007fffe724e1d0:   8b 74 24 60 48 83 c4 20 41 5f 41 5e 41 5d 41 5c
0x00007fffe724e1e0:   5f c3 cc cc cc cc cc cc cc cc cc cc cc cc cc cc
0x00007fffe724e1f0:   44 8b 01 4c 8b c9 b8 5f 0b 4e 83 41 f7 e8 41 03
0x00007fffe724e200:   d0 c1 fa 10 8b c2 c1 e8 1f 03 d0 41 69 c0 a7 41 


Register to memory mapping:

RAX=0x0000000000000014 is an unknown value
RBX=0x000b802000019604 is an unknown value
RCX=0x000000270bbff920 is an unknown value
RDX=0x000001f8da184aa0 is an unknown value
RSP=0x000000270bbff858 is an unknown value
RBP=0x000000270bbff920 is an unknown value
RSI=0x0000000000000001 is an unknown value
RDI=0x000001f8dbb0e800 is an unknown value
R8 =0x0000000000000000 is an unknown value
R9 =0x0000000000000010 is an unknown value
R10=0x0000000000000038 is an unknown value
R11=0x000000270bbff8b0 is an unknown value
R12=0x0000000000000000 is an unknown value
R13=0x000001f8da0f6610 is an unknown value
R14=0x0000000000000002 is an unknown value
R15=0x000000270bbff938 is an unknown value


Stack: [0x000000270bb00000,0x000000270bc00000],  sp=0x000000270bbff858,  free space=1022k
Native frames: (J=compiled Java code, j=interpreted, Vv=VM code, C=native code)
V  [jvm.dll+0x28e1f0]


---------------  P R O C E S S  ---------------

Java Threads: ( => current thread )
  0x000001f8f7a45000 JavaThread "ForkJoinPool.commonPool-worker-4" daemon [_thread_blocked, id=30600, stack(0x000000270d300000,0x000000270d400000)]
  0x000001f8f7a44000 JavaThread "ForkJoinPool.commonPool-worker-11" daemon [_thread_blocked, id=2868, stack(0x000000270d200000,0x000000270d300000)]
  0x000001f8f7a36000 JavaThread "ForkJoinPool.commonPool-worker-2" daemon [_thread_blocked, id=26688, stack(0x000000270d100000,0x000000270d200000)]
  0x000001f8f7a35000 JavaThread "ForkJoinPool.commonPool-worker-9" daemon [_thread_blocked, id=15492, stack(0x000000270d000000,0x000000270d100000)]
  0x000001f8f76e2000 JavaThread "Service Thread" daemon [_thread_blocked, id=11180, stack(0x000000270ce00000,0x000000270cf00000)]
  0x000001f8f761e800 JavaThread "C1 CompilerThread3" daemon [_thread_blocked, id=11864, stack(0x000000270cd00000,0x000000270ce00000)]
  0x000001f8f761b000 JavaThread "C2 CompilerThread2" daemon [_thread_blocked, id=25940, stack(0x000000270cc00000,0x000000270cd00000)]
  0x000001f8f7618800 JavaThread "C2 CompilerThread1" daemon [_thread_blocked, id=26144, stack(0x000000270cb00000,0x000000270cc00000)]
  0x000001f8f7614800 JavaThread "C2 CompilerThread0" daemon [_thread_blocked, id=13612, stack(0x000000270ca00000,0x000000270cb00000)]
  0x000001f8f7611000 JavaThread "Monitor Ctrl-Break" daemon [_thread_in_native, id=23064, stack(0x000000270c900000,0x000000270ca00000)]
  0x000001f8f5316000 JavaThread "Attach Listener" daemon [_thread_blocked, id=16788, stack(0x000000270c800000,0x000000270c900000)]
  0x000001f8f5300800 JavaThread "Signal Dispatcher" daemon [_thread_blocked, id=22916, stack(0x000000270c700000,0x000000270c800000)]
  0x000001f8da189800 JavaThread "Finalizer" daemon [_thread_blocked, id=31100, stack(0x000000270c600000,0x000000270c700000)]
  0x000001f8f52e9000 JavaThread "Reference Handler" daemon [_thread_blocked, id=24300, stack(0x000000270c500000,0x000000270c600000)]
  0x000001f8da0de800 JavaThread "main" [_thread_blocked, id=8956, stack(0x000000270b900000,0x000000270ba00000)]

Other Threads:
  0x000001f8f52c1000 VMThread [stack: 0x000000270c400000,0x000000270c500000] [id=16588]
  0x000001f8f770a800 WatcherThread [stack: 0x000000270cf00000,0x000000270d000000] [id=30904]

=>0x000001f8da0f5000 (exited) GCTaskThread [stack: 0x000000270bb00000,0x000000270bc00000] [id=13616]

VM state:at safepoint (normal execution)

VM Mutex/Monitor currently owned by a thread:  ([mutex/lock_event])
[0x000001f8da0dc830] Threads_lock - owner thread: 0x000001f8f52c1000
[0x000001f8da0dbe30] Heap_lock - owner thread: 0x000001f8f7a36000

heap address: 0x00000006c1000000, size: 4080 MB, Compressed Oops mode: Zero based, Oop shift amount: 3
Narrow klass base: 0x0000000000000000, Narrow klass shift: 3
Compressed class space size: 1073741824 Address: 0x00000007c0000000

Heap:
 PSYoungGen      total 1167360K, used 1031277K [0x000000076b000000, 0x00000007c0000000, 0x00000007c0000000)
  eden space 942080K, 97% used [0x000000076b000000,0x00000007a3273538,0x00000007a4800000)
  from space 225280K, 49% used [0x00000007a4800000,0x00000007ab4a8000,0x00000007b2400000)
  to   space 221696K, 57% used [0x00000007b2780000,0x00000007ba418000,0x00000007c0000000)
 ParOldGen       total 614400K, used 480683K [0x00000006c1000000, 0x00000006e6800000, 0x000000076b000000)
  object space 614400K, 78% used [0x00000006c1000000,0x00000006de56ad88,0x00000006e6800000)
 Metaspace       used 6446K, capacity 6738K, committed 7040K, reserved 1056768K
  class space    used 715K, capacity 810K, committed 896K, reserved 1048576K

Card table byte_map: [0x000001f8eb280000,0x000001f8eba80000] byte_map_base: 0x000001f8e7c78000

Marking Bits: (ParMarkBitMap*) 0x00007fffe77f6040
 Begin Bits: [0x000001f8ebfd0000, 0x000001f8eff90000)
 End Bits:   [0x000001f8eff90000, 0x000001f8f3f50000)

Polling page: 0x000001f8da1d0000

CodeCache: size=245760Kb used=2432Kb max_used=2444Kb free=243327Kb
 bounds [0x000001f8dbec0000, 0x000001f8dc130000, 0x000001f8eaec0000]
 total_blobs=801 nmethods=493 adapters=221
 compilation: enabled

Compilation events (10 events):
Event: 1.056 Thread 0x000001f8f761e800  489  s    3       java.util.Hashtable::put (104 bytes)
Event: 1.056 Thread 0x000001f8f761b000  492  s    4       java.lang.StringBuffer::append (13 bytes)
Event: 1.057 Thread 0x000001f8f761e800 nmethod 489 0x000001f8dc10f1d0 code [0x000001f8dc10f3a0, 0x000001f8dc10fb60]
Event: 1.057 Thread 0x000001f8f761e800  490       3       java.util.Hashtable::addEntry (87 bytes)
Event: 1.057 Thread 0x000001f8f761e800 nmethod 490 0x000001f8dc10e690 code [0x000001f8dc10e840, 0x000001f8dc10eea0]
Event: 1.057 Thread 0x000001f8f761e800  491       3       java.util.Hashtable$Entry::<init> (26 bytes)
Event: 1.057 Thread 0x000001f8f761e800 nmethod 491 0x000001f8dc10e250 code [0x000001f8dc10e3a0, 0x000001f8dc10e5b8]
Event: 1.057 Thread 0x000001f8f761e800  493       3       java.lang.StringBuffer::<init> (6 bytes)
Event: 1.057 Thread 0x000001f8f761e800 nmethod 493 0x000001f8dc10dd10 code [0x000001f8dc10de80, 0x000001f8dc10e138]
Event: 1.060 Thread 0x000001f8f761b000 nmethod 492 0x000001f8dc1242d0 code [0x000001f8dc124420, 0x000001f8dc124a18]

GC Heap History (10 events):
Event: 3.055 GC heap after
Heap after GC invocations=9 (full 1):
 PSYoungGen      total 1094656K, used 59812K [0x000000076b000000, 0x00000007b8a00000, 0x00000007c0000000)
  eden space 1005056K, 0% used [0x000000076b000000,0x000000076b000000,0x00000007a8580000)
  from space 89600K, 66% used [0x00000007af980000,0x00000007b33e91d8,0x00000007b5100000)
  to   space 118784K, 0% used [0x00000007a8580000,0x00000007a8580000,0x00000007af980000)
 ParOldGen       total 337920K, used 174784K [0x00000006c1000000, 0x00000006d5a00000, 0x000000076b000000)
  object space 337920K, 51% used [0x00000006c1000000,0x00000006cbab0148,0x00000006d5a00000)
 Metaspace       used 6446K, capacity 6738K, committed 7040K, reserved 1056768K
  class space    used 715K, capacity 810K, committed 896K, reserved 1048576K
}
Event: 3.607 GC heap before
{Heap before GC invocations=10 (full 1):
 PSYoungGen      total 1094656K, used 1064868K [0x000000076b000000, 0x00000007b8a00000, 0x00000007c0000000)
  eden space 1005056K, 100% used [0x000000076b000000,0x00000007a8580000,0x00000007a8580000)
  from space 89600K, 66% used [0x00000007af980000,0x00000007b33e91d8,0x00000007b5100000)
  to   space 118784K, 0% used [0x00000007a8580000,0x00000007a8580000,0x00000007af980000)
 ParOldGen       total 337920K, used 174784K [0x00000006c1000000, 0x00000006d5a00000, 0x000000076b000000)
  object space 337920K, 51% used [0x00000006c1000000,0x00000006cbab0148,0x00000006d5a00000)
 Metaspace       used 6446K, capacity 6738K, committed 7040K, reserved 1056768K
  class space    used 715K, capacity 810K, committed 896K, reserved 1048576K
Event: 3.774 GC heap after
Heap after GC invocations=10 (full 1):
 PSYoungGen      total 1123840K, used 118776K [0x000000076b000000, 0x00000007c0000000, 0x00000007c0000000)
  eden space 1005056K, 0% used [0x000000076b000000,0x000000076b000000,0x00000007a8580000)
  from space 118784K, 99% used [0x00000007a8580000,0x00000007af97e200,0x00000007af980000)
  to   space 169472K, 0% used [0x00000007b5a80000,0x00000007b5a80000,0x00000007c0000000)
 ParOldGen       total 337920K, used 248720K [0x00000006c1000000, 0x00000006d5a00000, 0x000000076b000000)
  object space 337920K, 73% used [0x00000006c1000000,0x00000006d02e4148,0x00000006d5a00000)
 Metaspace       used 6446K, capacity 6738K, committed 7040K, reserved 1056768K
  class space    used 715K, capacity 810K, committed 896K, reserved 1048576K
}
Event: 4.255 GC heap before
{Heap before GC invocations=11 (full 1):
 PSYoungGen      total 1123840K, used 1123832K [0x000000076b000000, 0x00000007c0000000, 0x00000007c0000000)
  eden space 1005056K, 100% used [0x000000076b000000,0x00000007a8580000,0x00000007a8580000)
  from space 118784K, 99% used [0x00000007a8580000,0x00000007af97e200,0x00000007af980000)
  to   space 169472K, 0% used [0x00000007b5a80000,0x00000007b5a80000,0x00000007c0000000)
 ParOldGen       total 337920K, used 248720K [0x00000006c1000000, 0x00000006d5a00000, 0x000000076b000000)
  object space 337920K, 73% used [0x00000006c1000000,0x00000006d02e4148,0x00000006d5a00000)
 Metaspace       used 6446K, capacity 6738K, committed 7040K, reserved 1056768K
  class space    used 715K, capacity 810K, committed 896K, reserved 1048576K
Event: 4.463 GC heap after
Heap after GC invocations=11 (full 1):
 PSYoungGen      total 1111552K, used 169444K [0x000000076b000000, 0x00000007c0000000, 0x00000007c0000000)
  eden space 942080K, 0% used [0x000000076b000000,0x000000076b000000,0x00000007a4800000)
  from space 169472K, 99% used [0x00000007b5a80000,0x00000007bfff92f0,0x00000007c0000000)
  to   space 225280K, 0% used [0x00000007a4800000,0x00000007a4800000,0x00000007b2400000)
 ParOldGen       total 337920K, used 321944K [0x00000006c1000000, 0x00000006d5a00000, 0x000000076b000000)
  object space 337920K, 95% used [0x00000006c1000000,0x00000006d4a66148,0x00000006d5a00000)
 Metaspace       used 6446K, capacity 6738K, committed 7040K, reserved 1056768K
  class space    used 715K, capacity 810K, committed 896K, reserved 1048576K
}
Event: 4.463 GC heap before
{Heap before GC invocations=12 (full 2):
 PSYoungGen      total 1111552K, used 169444K [0x000000076b000000, 0x00000007c0000000, 0x00000007c0000000)
  eden space 942080K, 0% used [0x000000076b000000,0x000000076b000000,0x00000007a4800000)
  from space 169472K, 99% used [0x00000007b5a80000,0x00000007bfff92f0,0x00000007c0000000)
  to   space 225280K, 0% used [0x00000007a4800000,0x00000007a4800000,0x00000007b2400000)
 ParOldGen       total 337920K, used 321944K [0x00000006c1000000, 0x00000006d5a00000, 0x000000076b000000)
  object space 337920K, 95% used [0x00000006c1000000,0x00000006d4a66148,0x00000006d5a00000)
 Metaspace       used 6446K, capacity 6738K, committed 7040K, reserved 1056768K
  class space    used 715K, capacity 810K, committed 896K, reserved 1048576K
Event: 6.154 GC heap after
Heap after GC invocations=12 (full 2):
 PSYoungGen      total 1111552K, used 142614K [0x000000076b000000, 0x00000007c0000000, 0x00000007c0000000)
  eden space 942080K, 0% used [0x000000076b000000,0x000000076b000000,0x00000007a4800000)
  from space 169472K, 84% used [0x00000007b5a80000,0x00000007be5c5848,0x00000007c0000000)
  to   space 225280K, 0% used [0x00000007a4800000,0x00000007a4800000,0x00000007b2400000)
 ParOldGen       total 614400K, used 337467K [0x00000006c1000000, 0x00000006e6800000, 0x000000076b000000)
  object space 614400K, 54% used [0x00000006c1000000,0x00000006d598ed88,0x00000006e6800000)
 Metaspace       used 6446K, capacity 6738K, committed 7040K, reserved 1056768K
  class space    used 715K, capacity 810K, committed 896K, reserved 1048576K
}
Event: 6.575 GC heap before
{Heap before GC invocations=13 (full 2):
 PSYoungGen      total 1111552K, used 1084694K [0x000000076b000000, 0x00000007c0000000, 0x00000007c0000000)
  eden space 942080K, 100% used [0x000000076b000000,0x00000007a4800000,0x00000007a4800000)
  from space 169472K, 84% used [0x00000007b5a80000,0x00000007be5c5848,0x00000007c0000000)
  to   space 225280K, 0% used [0x00000007a4800000,0x00000007a4800000,0x00000007b2400000)
 ParOldGen       total 614400K, used 337467K [0x00000006c1000000, 0x00000006e6800000, 0x000000076b000000)
  object space 614400K, 54% used [0x00000006c1000000,0x00000006d598ed88,0x00000006e6800000)
 Metaspace       used 6446K, capacity 6738K, committed 7040K, reserved 1056768K
  class space    used 715K, capacity 810K, committed 896K, reserved 1048576K
Event: 6.998 GC heap after
Heap after GC invocations=13 (full 2):
 PSYoungGen      total 1167360K, used 111264K [0x000000076b000000, 0x00000007c0000000, 0x00000007c0000000)
  eden space 942080K, 0% used [0x000000076b000000,0x000000076b000000,0x00000007a4800000)
  from space 225280K, 49% used [0x00000007a4800000,0x00000007ab4a8000,0x00000007b2400000)
  to   space 221696K, 0% used [0x00000007b2780000,0x00000007b2780000,0x00000007c0000000)
 ParOldGen       total 614400K, used 480683K [0x00000006c1000000, 0x00000006e6800000, 0x000000076b000000)
  object space 614400K, 78% used [0x00000006c1000000,0x00000006de56ad88,0x00000006e6800000)
 Metaspace       used 6446K, capacity 6738K, committed 7040K, reserved 1056768K
  class space    used 715K, capacity 810K, committed 896K, reserved 1048576K
}
Event: 7.415 GC heap before
{Heap before GC invocations=14 (full 2):
 PSYoungGen      total 1167360K, used 1031277K [0x000000076b000000, 0x00000007c0000000, 0x00000007c0000000)
  eden space 942080K, 97% used [0x000000076b000000,0x00000007a3273538,0x00000007a4800000)
  from space 225280K, 49% used [0x00000007a4800000,0x00000007ab4a8000,0x00000007b2400000)
  to   space 221696K, 0% used [0x00000007b2780000,0x00000007b2780000,0x00000007c0000000)
 ParOldGen       total 614400K, used 480683K [0x00000006c1000000, 0x00000006e6800000, 0x000000076b000000)
  object space 614400K, 78% used [0x00000006c1000000,0x00000006de56ad88,0x00000006e6800000)
 Metaspace       used 6446K, capacity 6738K, committed 7040K, reserved 1056768K
  class space    used 715K, capacity 810K, committed 896K, reserved 1048576K

Deoptimization events (0 events):
No events

Classes redefined (0 events):
No events

Internal exceptions (9 events):
Event: 0.029 Thread 0x000001f8da0de800 Exception <a 'java/lang/NoSuchMethodError': Method sun.misc.Unsafe.defineClass(Ljava/lang/String;[BII)Ljava/lang/Class; name or signature does not match> (0x000000076b007ce0) thrown at [C:\jenkins\workspace\8-2-build-windows-x64-cygwin-sans-NAS\jdk8u381\2
Event: 0.029 Thread 0x000001f8da0de800 Exception <a 'java/lang/NoSuchMethodError': Method sun.misc.Unsafe.prefetchRead(Ljava/lang/Object;J)V name or signature does not match> (0x000000076b007fc8) thrown at [C:\jenkins\workspace\8-2-build-windows-x64-cygwin-sans-NAS\jdk8u381\237\hotspot\src\sha
Event: 0.109 Thread 0x000001f8da0de800 Exception <a 'java/security/PrivilegedActionException'> (0x000000076b1f8288) thrown at [C:\jenkins\workspace\8-2-build-windows-x64-cygwin-sans-NAS\jdk8u381\237\hotspot\src\share\vm\prims\jvm.cpp, line 1513]
Event: 0.109 Thread 0x000001f8da0de800 Exception <a 'java/security/PrivilegedActionException'> (0x000000076b1f8680) thrown at [C:\jenkins\workspace\8-2-build-windows-x64-cygwin-sans-NAS\jdk8u381\237\hotspot\src\share\vm\prims\jvm.cpp, line 1513]
Event: 0.132 Thread 0x000001f8da0de800 Exception <a 'java/lang/NoSuchMethodError': <clinit>> (0x000000076b596040) thrown at [C:\jenkins\workspace\8-2-build-windows-x64-cygwin-sans-NAS\jdk8u381\237\hotspot\src\share\vm\prims\jni.cpp, line 1615]
Event: 0.149 Thread 0x000001f8da0de800 Exception <a 'java/lang/NoSuchMethodError': <clinit>> (0x000000076b613f58) thrown at [C:\jenkins\workspace\8-2-build-windows-x64-cygwin-sans-NAS\jdk8u381\237\hotspot\src\share\vm\prims\jni.cpp, line 1615]
Event: 0.149 Thread 0x000001f8da0de800 Exception <a 'java/lang/NoSuchMethodError': <clinit>> (0x000000076b614838) thrown at [C:\jenkins\workspace\8-2-build-windows-x64-cygwin-sans-NAS\jdk8u381\237\hotspot\src\share\vm\prims\jni.cpp, line 1615]
Event: 0.177 Thread 0x000001f8da0de800 Exception <a 'java/lang/NoSuchFieldError': method resolution failed> (0x000000076b774170) thrown at [C:\jenkins\workspace\8-2-build-windows-x64-cygwin-sans-NAS\jdk8u381\237\hotspot\src\share\vm\prims\methodHandles.cpp, line 1188]
Event: 0.178 Thread 0x000001f8da0de800 Exception <a 'java/lang/NoSuchFieldError': method resolution failed> (0x000000076b781d60) thrown at [C:\jenkins\workspace\8-2-build-windows-x64-cygwin-sans-NAS\jdk8u381\237\hotspot\src\share\vm\prims\methodHandles.cpp, line 1188]

Events (10 events):
Event: 3.055 Executing VM operation: ParallelGCFailedAllocation done
Event: 3.607 Executing VM operation: ParallelGCFailedAllocation
Event: 3.774 Executing VM operation: ParallelGCFailedAllocation done
Event: 4.135 Executing VM operation: EnableBiasedLocking
Event: 4.135 Executing VM operation: EnableBiasedLocking done
Event: 4.255 Executing VM operation: ParallelGCFailedAllocation
Event: 6.154 Executing VM operation: ParallelGCFailedAllocation done
Event: 6.575 Executing VM operation: ParallelGCFailedAllocation
Event: 6.998 Executing VM operation: ParallelGCFailedAllocation done
Event: 7.415 Executing VM operation: ParallelGCFailedAllocation


Dynamic libraries:
0x00007ff73c380000 - 0x00007ff73c3ca000 	D:\Java_jkd\jdk1.8\bin\java.exe
0x00007ff833670000 - 0x00007ff833867000 	C:\WINDOWS\SYSTEM32\ntdll.dll
0x00007ff8321d0000 - 0x00007ff83228d000 	C:\WINDOWS\System32\KERNEL32.DLL
0x00007ff830d80000 - 0x00007ff831076000 	C:\WINDOWS\System32\KERNELBASE.dll
0x00007ff831730000 - 0x00007ff8317de000 	C:\WINDOWS\System32\ADVAPI32.dll
0x00007ff832e90000 - 0x00007ff832f2e000 	C:\WINDOWS\System32\msvcrt.dll
0x00007ff8318c0000 - 0x00007ff83195c000 	C:\WINDOWS\System32\sechost.dll
0x00007ff833350000 - 0x00007ff833476000 	C:\WINDOWS\System32\RPCRT4.dll
0x00007ff832ce0000 - 0x00007ff832e7e000 	C:\WINDOWS\System32\USER32.dll
0x00007ff830d50000 - 0x00007ff830d72000 	C:\WINDOWS\System32\win32u.dll
0x00007ff833260000 - 0x00007ff83328c000 	C:\WINDOWS\System32\GDI32.dll
0x00007ff8315b0000 - 0x00007ff8316ca000 	C:\WINDOWS\System32\gdi32full.dll
0x00007ff831200000 - 0x00007ff83129d000 	C:\WINDOWS\System32\msvcp_win.dll
0x00007ff831080000 - 0x00007ff831180000 	C:\WINDOWS\System32\ucrtbase.dll
0x00007ff825b30000 - 0x00007ff825dca000 	C:\WINDOWS\WinSxS\amd64_microsoft.windows.common-controls_6595b64144ccf1df_6.0.19041.3570_none_60bb2a3971f3e41a\COMCTL32.dll
0x00007ff832140000 - 0x00007ff832170000 	C:\WINDOWS\System32\IMM32.DLL
0x00000000631c0000 - 0x00000000631cd000 	D:\360\360Safe\safemon\SafeWrapper.dll
0x00007ff8274f0000 - 0x00007ff82759c000 	D:\360\360Safe\safemon\libzdtp64.dll
0x00007ff8319f0000 - 0x00007ff832134000 	C:\WINDOWS\System32\SHELL32.dll
0x00007ff8316d0000 - 0x00007ff831725000 	C:\WINDOWS\System32\SHLWAPI.dll
0x00007ff8308e0000 - 0x00007ff8308ea000 	C:\WINDOWS\SYSTEM32\VERSION.dll
0x00007ff82cb40000 - 0x00007ff82cb5b000 	D:\Java_jkd\jdk1.8\jre\bin\vcruntime140.dll
0x00007ff82cb30000 - 0x00007ff82cb3c000 	D:\Java_jkd\jdk1.8\jre\bin\vcruntime140_1.dll
0x00007ff81b000000 - 0x00007ff81b08e000 	D:\Java_jkd\jdk1.8\jre\bin\msvcp140.dll
0x00007fffe6fc0000 - 0x00007fffe7870000 	D:\Java_jkd\jdk1.8\jre\bin\server\jvm.dll
0x00007ff832c50000 - 0x00007ff832c58000 	C:\WINDOWS\System32\PSAPI.DLL
0x00007ff824f90000 - 0x00007ff824fb7000 	C:\WINDOWS\SYSTEM32\WINMM.dll
0x00007ff826ff0000 - 0x00007ff826ff9000 	C:\WINDOWS\SYSTEM32\WSOCK32.dll
0x00007ff832a60000 - 0x00007ff832acb000 	C:\WINDOWS\System32\WS2_32.dll
0x00007ff82eb60000 - 0x00007ff82eb72000 	C:\WINDOWS\SYSTEM32\kernel.appcore.dll
0x00007ff82cb20000 - 0x00007ff82cb30000 	D:\Java_jkd\jdk1.8\jre\bin\verify.dll
0x00007ff82caf0000 - 0x00007ff82cb1b000 	D:\Java_jkd\jdk1.8\jre\bin\java.dll
0x00007ff8149b0000 - 0x00007ff8149e4000 	D:\Java_jkd\jdk1.8\jre\bin\instrument.dll
0x00007ff82cb60000 - 0x00007ff82cb78000 	D:\Java_jkd\jdk1.8\jre\bin\zip.dll
0x00007ff82ed60000 - 0x00007ff82f4fb000 	C:\WINDOWS\SYSTEM32\windows.storage.dll
0x00007ff832290000 - 0x00007ff8325e4000 	C:\WINDOWS\System32\combase.dll
0x00007ff830640000 - 0x00007ff83066d000 	C:\WINDOWS\SYSTEM32\Wldp.dll
0x00007ff832ad0000 - 0x00007ff832b7d000 	C:\WINDOWS\System32\SHCORE.dll
0x00007ff830c80000 - 0x00007ff830ca5000 	C:\WINDOWS\SYSTEM32\profapi.dll
0x00007ff827430000 - 0x00007ff82744a000 	D:\IDE\IDEA2022.1.4\IntelliJ IDEA 2022.1.4\bin\breakgen64.dll
0x00007ff82b310000 - 0x00007ff82b32c000 	D:\Java_jkd\jdk1.8\jre\bin\net.dll
0x00007ff830420000 - 0x00007ff83048a000 	C:\WINDOWS\system32\mswsock.dll
0x00007ff820d70000 - 0x00007ff820f54000 	C:\WINDOWS\SYSTEM32\dbghelp.dll
0x00007ff831310000 - 0x00007ff831392000 	C:\WINDOWS\System32\bcryptPrimitives.dll

VM Arguments:
jvm_args: -javaagent:D:\IDE\IDEA2022.1.4\IntelliJ IDEA 2022.1.4\lib\idea_rt.jar=63873:D:\IDE\IDEA2022.1.4\IntelliJ IDEA 2022.1.4\bin -Dfile.encoding=UTF-8 
java_command: com.twodimension.Main
java_class_path (initial): D:\Java_jkd\jdk1.8\jre\lib\charsets.jar;D:\Java_jkd\jdk1.8\jre\lib\deploy.jar;D:\Java_jkd\jdk1.8\jre\lib\ext\access-bridge-64.jar;D:\Java_jkd\jdk1.8\jre\lib\ext\cldrdata.jar;D:\Java_jkd\jdk1.8\jre\lib\ext\dnsns.jar;D:\Java_jkd\jdk1.8\jre\lib\ext\jaccess.jar;D:\Java_jkd\jdk1.8\jre\lib\ext\jfxrt.jar;D:\Java_jkd\jdk1.8\jre\lib\ext\localedata.jar;D:\Java_jkd\jdk1.8\jre\lib\ext\nashorn.jar;D:\Java_jkd\jdk1.8\jre\lib\ext\sunec.jar;D:\Java_jkd\jdk1.8\jre\lib\ext\sunjce_provider.jar;D:\Java_jkd\jdk1.8\jre\lib\ext\sunmscapi.jar;D:\Java_jkd\jdk1.8\jre\lib\ext\sunpkcs11.jar;D:\Java_jkd\jdk1.8\jre\lib\ext\zipfs.jar;D:\Java_jkd\jdk1.8\jre\lib\javaws.jar;D:\Java_jkd\jdk1.8\jre\lib\jce.jar;D:\Java_jkd\jdk1.8\jre\lib\jfr.jar;D:\Java_jkd\jdk1.8\jre\lib\jfxswt.jar;D:\Java_jkd\jdk1.8\jre\lib\jsse.jar;D:\Java_jkd\jdk1.8\jre\lib\management-agent.jar;D:\Java_jkd\jdk1.8\jre\lib\plugin.jar;D:\Java_jkd\jdk1.8\jre\lib\resources.jar;D:\Java_jkd\jdk1.8\jre\lib\rt.jar;E:\IDEAWorksSpace\skycopy1\out\production\skycopy1;D:\CPLEX\CPLEX_Studio\cplex\lib\cplex.jar;C:\Users\再\.m2\repository\junit\junit\4.13.1\junit-4.13.1.jar;C:\Users\再\.m2\repository\org\hamcrest\hamcrest-core\1.3\hamcrest-core-1.3.jar;D:\IDE\IDEA2022.1.4\IntelliJ IDEA 2022.1.4\lib\idea_rt.jar
Launcher Type: SUN_STANDARD

Environment Variables:
JAVA_HOME=D:\Java_jkd\jdk1.8
PATH=C:\Program Files (x86)\NVIDIA Corporation\PhysX\Common;E:\linuxSys\bin\;D:\texliveaz\texlive\2023\bin\windows;D:\cplexmulu\opl\bin\x64_win64;D:\cplexmulu\opl\oplide\;D:\Java_jkd\jdk1.8\bin\;C:\WINDOWS\system32;C:\WINDOWS;C:\WINDOWS\System32\Wbem;C:\WINDOWS\System32\WindowsPowerShell\v1.0\;C:\WINDOWS\System32\OpenSSH\;C:\Program Files\Microsoft SQL Server\150\Tools\Binn\;D:\Maven\apache-maven-3.9.4-bin\apache-maven-3.9.4\bin;D:\Git\cmd;D:\MinGW64\mingw64\mingw64\bin;D:\Maven\apache-maven-3.9.4-bin\apache-maven-3.9.4\bin;D:\mysql-8.1.0-winx64\bin;D:\nodejs;D:\nodejs\node_cache;D:\nodejs\node_global;D:\Bandizip\;E:\CTEX\UserData\miktex\bin;E:\CTEX\MiKTeX\miktex\bin\x64;E:\CTEX\CTeX\ctex\bin;E:\CTEX\CTeX\cct\bin;E:\CTEX\CTeX\ty\bin;E:\CTEX\Ghostscript\gs10.01.1\bin;E:\CTEX\WinEdt;C:\ProgramData\chocolatey\bin;C:\ProgramData\chocolatey\lib\bazel\bazel.exe;D:\xshell\;C:\Program Files\Microsoft SQL Server\Client SDK\ODBC\110\Tools\Binn\;C:\Program Files (x86)\Microsoft SQL Server\120\Tools\Binn\;C:\Program Files\Microsoft SQL Server\120\Tools\Binn\;C:\Program Files\Microsoft SQL Server\120\DTS\Binn\;C:\Program Files (x86)\Windows Kits\8.1\Windows Performance Toolkit\;D:\python\Scripts\;D:\python\;C:\Users\再\AppData\Local\Microsoft\WindowsApps;D:\IDE\Microsoft VS Code\bin;C:\Users\再\AppData\Roaming\npm;C:\Users\再\AppData\Local\GitHubDesktop\bin;D:\pycharm\PyCharm 2023.2.1\bin;
USERNAME=再
OS=Windows_NT
PROCESSOR_IDENTIFIER=Intel64 Family 6 Model 165 Stepping 3, GenuineIntel



---------------  S Y S T E M  ---------------

OS: Windows 10 , 64 bit Build 19041 (10.0.19041.3570)

CPU:total 12 (initial active 12) (6 cores per cpu, 2 threads per core) family 6 model 165 stepping 3, cmov, cx8, fxsr, mmx, sse, sse2, sse3, ssse3, sse4.1, sse4.2, popcnt, avx, avx2, aes, clmul, erms, 3dnowpref, lzcnt, ht, tsc, tscinvbit, bmi1, bmi2, adx

Memory: 4k page, physical 16706940k(5426056k free), swap 55433320k(27050608k free)

vm_info: Java HotSpot(TM) 64-Bit Server VM (25.381-b09) for windows-amd64 JRE (1.8.0_381-b09), built on Jun 14 2023 13:50:38 by "java_re" with MS VC++ 17.1 (VS2022)

time: Tue Nov 21 11:11:43 2023
timezone: Intel64 Family 6 Model 165 Stepping 3, GenuineIntel
elapsed time: 7.616730 seconds (0d 0h 0m 7s)

